<?xml version="1.0" encoding="utf-8"?><testsuites><testsuite name="pytest" errors="0" failures="0" skipped="0" tests="4" time="33.199" timestamp="2024-11-10T13:52:42.823105+05:30" hostname="DESKTOP-1PTSEVL"><testcase classname="test_E2E.TestEndToEnd" name="test_checkout" time="14.374" /><testcase classname="test_homePage.TestHomePage" name="test_SignUpForm[getdata0]" time="13.909" /><testcase classname="test_homePage.TestHomePage" name="test_SignUpForm[getdata1]" time="2.319" /><testcase classname="test_homePage.TestHomePage" name="test_SignUpForm[getdata2]" time="2.479" /></testsuite></testsuites>